<?xml version="1.0" encoding="UTF-8"?>
<!-- Generated by org.testng.reporters.JUnitReportReporter -->
<testsuite hostname="DESKTOP-4GK970V" failures="0" tests="1" name="org.epam.MainTest" time="28.327" errors="0" timestamp="2023-10-02T22:08:41 GET" skipped="0">
  <testcase classname="org.epam.MainTest" name="calculatorTest" time="28.327"/>
</testsuite> <!-- org.epam.MainTest -->
